LogTime : 5:28:58 AM 
Module Name : AdaniCall.Models.Helper (SetSession(User user))

Error Source : CallRecord
 
Error Message : Object reference not set to an instance of an object.
 
Error Message GetMethod FullName : SetSession
 
Error Message GetFileName : 
 
Error Message GetFileLineNumber : 0
 
 
 
======================================== 
 
LogTime : 5:30:39 AM 
Module Name : AdaniCall.Models.Helper (SetSession(User user))

Error Source : CallRecord
 
Error Message : Object reference not set to an instance of an object.
 
Error Message GetMethod FullName : SetSession
 
Error Message GetFileName : 
 
Error Message GetFileLineNumber : 0
 
 
 
======================================== 
 
LogTime : 5:31:10 AM 
Module Name : AdaniCall.Models.Helper (SetSession(User user))

Error Source : CallRecord
 
Error Message : Object reference not set to an instance of an object.
 
Error Message GetMethod FullName : SetSession
 
Error Message GetFileName : 
 
Error Message GetFileLineNumber : 0
 
 
 
======================================== 
 
LogTime : 5:31:34 AM 
Module Name : AdaniCall.Models.Helper (SetSession(User user))

Error Source : CallRecord
 
Error Message : Object reference not set to an instance of an object.
 
Error Message GetMethod FullName : SetSession
 
Error Message GetFileName : 
 
Error Message GetFileLineNumber : 0
 
 
 
======================================== 
 
LogTime : 5:33:15 AM 
Module Name : AdaniCall.Models.Helper (SetSession(User user))

Error Source : CallRecord
 
Error Message : Object reference not set to an instance of an object.
 
Error Message GetMethod FullName : SetSession
 
Error Message GetFileName : 
 
Error Message GetFileLineNumber : 0
 
 
 
======================================== 
 
LogTime : 5:35:18 AM 
Module Name : AdaniCall.Models.Helper (SetSession(User user))

Error Source : CallRecord
 
Error Message : Object reference not set to an instance of an object.
 
Error Message GetMethod FullName : SetSession
 
Error Message GetFileName : 
 
Error Message GetFileLineNumber : 0
 
 
 
======================================== 
 
LogTime : 5:37:08 AM 
Module Name : AdaniCall.Models.Helper (SetSession(User user))

Error Source : CallRecord
 
Error Message : Object reference not set to an instance of an object.
 
Error Message GetMethod FullName : SetSession
 
Error Message GetFileName : 
 
Error Message GetFileLineNumber : 0
 
 
 
======================================== 
 
LogTime : 5:38:59 AM 
Module Name : AdaniCall.Models.Helper (SetSession(User user))

Error Source : CallRecord
 
Error Message : Object reference not set to an instance of an object.
 
Error Message GetMethod FullName : SetSession
 
Error Message GetFileName : 
 
Error Message GetFileLineNumber : 0
 
 
 
======================================== 
 
LogTime : 5:39:28 AM 
Module Name : AdaniCall.Models.Helper (SetSession(User user))

Error Source : CallRecord
 
Error Message : Object reference not set to an instance of an object.
 
Error Message GetMethod FullName : SetSession
 
Error Message GetFileName : 
 
Error Message GetFileLineNumber : 0
 
 
 
======================================== 
 
LogTime : 5:39:33 AM 
Module Name : AdaniCall.Models.Helper (SetSession(User user))

Error Source : CallRecord
 
Error Message : Object reference not set to an instance of an object.
 
Error Message GetMethod FullName : SetSession
 
Error Message GetFileName : 
 
Error Message GetFileLineNumber : 0
 
 
 
======================================== 
 
LogTime : 5:39:45 AM 
Module Name : AdaniCall.Models.Helper (SetSession(User user))

Error Source : CallRecord
 
Error Message : Object reference not set to an instance of an object.
 
Error Message GetMethod FullName : SetSession
 
Error Message GetFileName : 
 
Error Message GetFileLineNumber : 0
 
 
 
======================================== 
 
LogTime : 5:39:48 AM 
Module Name : AdaniCall.Controllers.API.RecordingAudioController (StartRecordingAsync(sCallID=aHR0cHM6Ly9jb252LWpwd2UtMDkuY29udi5za3lwZS5jb206NDQzL2NvbnYvZmo2LXdQUDhKRXU3N1B5WUUydUplUT9pPTEmZT02Mzc3MjM0ODU1NjAyNzI5NzI,recordingFormat:wav))

Error Source : Azure.Communication.CallingServer
 
Error Message : Unknown internal server error.
Status: 500 (Internal Server Error)
ErrorCode: 9999

Content:
{"error":{"code":"9999","message":"Unknown internal server error."}}

Headers:
x-ms-client-request-id: 41a1c009-e0a7-4552-abd2-c7cd4d771438
X-Microsoft-Skype-Chain-ID: REDACTED
X-Cache: REDACTED
X-Azure-Ref: REDACTED
Content-Length: 68
Content-Type: application/json; charset=utf-8
Date: Wed, 17 Nov 2021 05:39:48 GMT

 
 
 
======================================== 
 
LogTime : 5:39:48 AM 
Module Name : AdaniCall.Controllers.API.RecordingController (StartRecordingAsync(sCallID=aHR0cHM6Ly9jb252LWpwd2UtMDkuY29udi5za3lwZS5jb206NDQzL2NvbnYvZmo2LXdQUDhKRXU3N1B5WUUydUplUT9pPTEmZT02Mzc3MjM0ODU1NjAyNzI5NzI,recordingFormat:))

Error Source : Azure.Communication.CallingServer
 
Error Message : Unknown internal server error.
Status: 500 (Internal Server Error)
ErrorCode: 9999

Content:
{"error":{"code":"9999","message":"Unknown internal server error."}}

Headers:
x-ms-client-request-id: ca4dfce1-1ae5-4bc0-aa73-342266119512
X-Microsoft-Skype-Chain-ID: REDACTED
X-Cache: REDACTED
X-Azure-Ref: REDACTED
Content-Length: 68
Content-Type: application/json; charset=utf-8
Date: Wed, 17 Nov 2021 05:39:48 GMT

 
 
 
======================================== 
 
LogTime : 5:40:04 AM 
Module Name : AdaniCall.Models.Helper (SetSession(User user))

Error Source : CallRecord
 
Error Message : Object reference not set to an instance of an object.
 
Error Message GetMethod FullName : SetSession
 
Error Message GetFileName : 
 
Error Message GetFileLineNumber : 0
 
 
 
======================================== 
 
LogTime : 5:40:34 AM 
Module Name : AdaniCall.Controllers.API.RecordingController (GetRecordingFile())

Error Source : Azure.Messaging.EventGrid
 
Error Message : Value cannot be null.
Parameter name: EventType
 
 
 
======================================== 
 
LogTime : 5:40:35 AM 
Module Name : AdaniCall.Controllers.API.RecordingController (GetRecordingFile())

Error Source : Azure.Messaging.EventGrid
 
Error Message : Value cannot be null.
Parameter name: EventType
 
 
 
======================================== 
 
LogTime : 5:40:35 AM 
Module Name : AdaniCall.Controllers.API.RecordingAudioController (GetRecordingFile())

Error Source : Azure.Messaging.EventGrid
 
Error Message : Value cannot be null.
Parameter name: EventType
 
 
 
======================================== 
 
LogTime : 5:40:36 AM 
Module Name : AdaniCall.Controllers.API.RecordingAudioController (StartRecordingAsync(sCallID=aHR0cHM6Ly9jb252LWtyY2UtMDYuY29udi5za3lwZS5jb206NDQzL2NvbnYvTkJNN1FMTDV2azJGTDVJbXFwbkgxQT9pPTI5JmU9NjM3NzI2OTQ3ODM4NDA3ODY4,recordingFormat:wav))

Error Source : Azure.Communication.CallingServer
 
Error Message : Only one app of a single dialout app is supported in a call.
Status: 400 (Bad Request)
ErrorCode: 8559

Content:
{"error":{"code":"8559","message":"Only one app of a single dialout app is supported in a call."}}

Headers:
x-ms-client-request-id: af9e4da4-4875-483e-bb9b-27263085cc82
X-Microsoft-Skype-Chain-ID: REDACTED
X-Cache: REDACTED
X-Azure-Ref: REDACTED
Content-Length: 98
Content-Type: application/json; charset=utf-8
Date: Wed, 17 Nov 2021 05:40:35 GMT

 
 
 
======================================== 
 
LogTime : 5:40:40 AM 
Module Name : AdaniCall.Controllers.API.RecordingController (GetRecordingFile())

Error Source : Azure.Messaging.EventGrid
 
Error Message : Value cannot be null.
Parameter name: EventType
 
 
 
======================================== 
 
LogTime : 5:40:40 AM 
Module Name : AdaniCall.Controllers.API.RecordingController (GetRecordingFile())

Error Source : Azure.Messaging.EventGrid
 
Error Message : Value cannot be null.
Parameter name: EventType
 
 
 
======================================== 
 
LogTime : 5:40:49 AM 
Module Name : AdaniCall.Controllers.API.RecordingController (GetRecordingFile())

Error Source : mscorlib
 
Error Message : The process cannot access the file 'D:\home\site\wwwroot\AllFiles\Video\0-wus-d6-81fc04abc0e91e306ec6e7c7f4eb09b0.json' because it is being used by another process.
 
 
 
======================================== 
 
LogTime : 5:40:50 AM 
Module Name : AdaniCall.Controllers.API.RecordingController (GetRecordingFile())

Error Source : mscorlib
 
Error Message : The process cannot access the file 'D:\home\site\wwwroot\AllFiles\Video\0-wus-d10-84cb374209f556d3f945e6a083ae4cac.json' because it is being used by another process.
 
 
 
======================================== 
 
LogTime : 5:42:07 AM 
Module Name : AdaniCall.Controllers.API.RecordingAudioController (GetRecordingFile())

Error Source : Azure.Messaging.EventGrid
 
Error Message : Value cannot be null.
Parameter name: EventType
 
 
 
======================================== 
 
LogTime : 5:42:09 AM 
Module Name : AdaniCall.Controllers.API.RecordingAudioController (GetRecordingFile())

Error Source : Azure.Messaging.EventGrid
 
Error Message : Value cannot be null.
Parameter name: EventType
 
 
 
======================================== 
 
LogTime : 5:42:09 AM 
Module Name : AdaniCall.Controllers.API.RecordingController (GetRecordingFile())

Error Source : Azure.Messaging.EventGrid
 
Error Message : Value cannot be null.
Parameter name: EventType
 
 
 
======================================== 
 
LogTime : 5:42:09 AM 
Module Name : AdaniCall.Controllers.API.RecordingController (StartRecordingAsync(sCallID=aHR0cHM6Ly9jb252LWtyY2UtMDYuY29udi5za3lwZS5jb206NDQzL2NvbnYvMUIwekhFNUV1VUtkSGNjZjk5NC1NZz9pPTI5JmU9NjM3NzI2OTQ3ODM4NDA3ODY4,recordingFormat:))

Error Source : Azure.Communication.CallingServer
 
Error Message : Only one app of a single dialout app is supported in a call.
Status: 400 (Bad Request)
ErrorCode: 8559

Content:
{"error":{"code":"8559","message":"Only one app of a single dialout app is supported in a call."}}

Headers:
x-ms-client-request-id: 541ddf33-e246-4b28-9a71-151c6a095652
X-Microsoft-Skype-Chain-ID: REDACTED
X-Cache: REDACTED
X-Azure-Ref: REDACTED
Content-Length: 98
Content-Type: application/json; charset=utf-8
Date: Wed, 17 Nov 2021 05:42:09 GMT

 
 
 
======================================== 
 
LogTime : 5:42:12 AM 
Module Name : AdaniCall.Controllers.API.RecordingAudioController (GetRecordingFile())

Error Source : Azure.Messaging.EventGrid
 
Error Message : Value cannot be null.
Parameter name: EventType
 
 
 
======================================== 
 
LogTime : 5:42:14 AM 
Module Name : AdaniCall.Controllers.API.RecordingAudioController (GetRecordingFile())

Error Source : Azure.Messaging.EventGrid
 
Error Message : Value cannot be null.
Parameter name: EventType
 
 
 
======================================== 
 
LogTime : 5:42:34 AM 
Module Name : AdaniCall.Models.Helper (SetSession(User user))

Error Source : CallRecord
 
Error Message : Object reference not set to an instance of an object.
 
Error Message GetMethod FullName : SetSession
 
Error Message GetFileName : 
 
Error Message GetFileLineNumber : 0
 
 
 
======================================== 
 
