LogTime : 12:32:57 
Module Name : AdaniCall.Models.Helper (SetSession(User user))

Error Source : CallRecord
 
Error Message : Object reference not set to an instance of an object.
 
Error Message GetMethod FullName : SetSession
 
Error Message GetFileName : Helper.cs
 
Error Message GetFileLineNumber : 120
 
 
 
======================================== 
 
LogTime : 12:33:12 
Module Name : AdaniCall.Models.Helper (SetSession(User user))

Error Source : CallRecord
 
Error Message : Object reference not set to an instance of an object.
 
Error Message GetMethod FullName : SetSession
 
Error Message GetFileName : Helper.cs
 
Error Message GetFileLineNumber : 120
 
 
 
======================================== 
 
LogTime : 12:47:15 
Module Name : AdaniCall.Models.Helper (SetSession(User user))

Error Source : CallRecord
 
Error Message : Object reference not set to an instance of an object.
 
Error Message GetMethod FullName : SetSession
 
Error Message GetFileName : Helper.cs
 
Error Message GetFileLineNumber : 120
 
 
 
======================================== 
 
LogTime : 12:47:54 
Module Name : AdaniCall.Models.Helper (SetSession(User user))

Error Source : CallRecord
 
Error Message : Object reference not set to an instance of an object.
 
Error Message GetMethod FullName : SetSession
 
Error Message GetFileName : Helper.cs
 
Error Message GetFileLineNumber : 120
 
 
 
======================================== 
 
LogTime : 13:10:32 
Module Name : AdaniCall.Models.Helper (SetSession(User user))

Error Source : CallRecord
 
Error Message : Object reference not set to an instance of an object.
 
Error Message GetMethod FullName : SetSession
 
Error Message GetFileName : Helper.cs
 
Error Message GetFileLineNumber : 120
 
 
 
======================================== 
 
LogTime : 13:25:47 
Module Name : AdaniCall.Models.Helper (SetSession(User user))

Error Source : CallRecord
 
Error Message : Object reference not set to an instance of an object.
 
Error Message GetMethod FullName : SetSession
 
Error Message GetFileName : Helper.cs
 
Error Message GetFileLineNumber : 120
 
 
 
======================================== 
 
LogTime : 13:31:52 
Module Name : AdaniCall.Models.Helper (SetSession(User user))

Error Source : CallRecord
 
Error Message : Object reference not set to an instance of an object.
 
Error Message GetMethod FullName : SetSession
 
Error Message GetFileName : Helper.cs
 
Error Message GetFileLineNumber : 120
 
 
 
======================================== 
 
LogTime : 14:06:34 
Module Name : AdaniCall.Models.Helper (SetSession(User user))

Error Source : CallRecord
 
Error Message : Object reference not set to an instance of an object.
 
Error Message GetMethod FullName : SetSession
 
Error Message GetFileName : Helper.cs
 
Error Message GetFileLineNumber : 120
 
 
 
======================================== 
 
LogTime : 14:34:21 
Module Name : AdaniCall.Models.Helper (SetSession(User user))

Error Source : CallRecord
 
Error Message : Object reference not set to an instance of an object.
 
Error Message GetMethod FullName : SetSession
 
Error Message GetFileName : Helper.cs
 
Error Message GetFileLineNumber : 120
 
 
 
======================================== 
 
LogTime : 16:18:08 
Module Name : AdaniCall.Models.Helper (SetSession(User user))

Error Source : CallRecord
 
Error Message : Object reference not set to an instance of an object.
 
Error Message GetMethod FullName : SetSession
 
Error Message GetFileName : Helper.cs
 
Error Message GetFileLineNumber : 120
 
 
 
======================================== 
 
LogTime : 16:28:13 
Module Name : AdaniCall.Models.Helper (SetSession(User user))

Error Source : CallRecord
 
Error Message : Object reference not set to an instance of an object.
 
Error Message GetMethod FullName : SetSession
 
Error Message GetFileName : Helper.cs
 
Error Message GetFileLineNumber : 120
 
 
 
======================================== 
 
LogTime : 18:37:58 
Module Name : AdaniCall.Controllers.HomeController (InsertAM(UniqueCallID:113d9104-d2c0-439f-bae1-75fe0622b9aa,UserID:17,CallStatus=Connected))

Error Source : mscorlib
 
Error Message : Input string was not in a correct format.
 
 
 
======================================== 
 
LogTime : 18:39:02 
Module Name : AdaniCall.Controllers.HomeController (InsertAM(UniqueCallID:44f225b9-43a6-4d55-a68e-ffc6de06d763,UserID:17,CallStatus=Connected))

Error Source : mscorlib
 
Error Message : Input string was not in a correct format.
 
 
 
======================================== 
 
LogTime : 18:45:44 
Module Name : AdaniCall.Controllers.HomeController (InsertAM(UniqueCallID:7298a13e-3a17-4b7e-9fd7-fb9083023c65,UserID:17,CallStatus=Connected))

Error Source : mscorlib
 
Error Message : Input string was not in a correct format.
 
 
 
======================================== 
 
