LogTime : 12:07:02 
Module Name : AdaniCall.Models.Helper (SetSession(User user))

Error Source : CallRecord
 
Error Message : Object reference not set to an instance of an object.
 
Error Message GetMethod FullName : SetSession
 
Error Message GetFileName : Helper.cs
 
Error Message GetFileLineNumber : 120
 
 
 
======================================== 
 
LogTime : 12:17:21 
Module Name : AdaniCall.Models.Helper (SetSession(User user))

Error Source : CallRecord
 
Error Message : Object reference not set to an instance of an object.
 
Error Message GetMethod FullName : SetSession
 
Error Message GetFileName : Helper.cs
 
Error Message GetFileLineNumber : 120
 
 
 
======================================== 
 
LogTime : 12:57:37 
Module Name : AdaniCall.Models.Helper (SetSession(User user))

Error Source : CallRecord
 
Error Message : Object reference not set to an instance of an object.
 
Error Message GetMethod FullName : SetSession
 
Error Message GetFileName : Helper.cs
 
Error Message GetFileLineNumber : 120
 
 
 
======================================== 
 
LogTime : 12:57:52 
Module Name : AdaniCall.Models.Helper (SetSession(User user))

Error Source : CallRecord
 
Error Message : Object reference not set to an instance of an object.
 
Error Message GetMethod FullName : SetSession
 
Error Message GetFileName : Helper.cs
 
Error Message GetFileLineNumber : 120
 
 
 
======================================== 
 
LogTime : 12:58:41 
Module Name : AdaniCall.Models.Helper (SetSession(User user))

Error Source : CallRecord
 
Error Message : Object reference not set to an instance of an object.
 
Error Message GetMethod FullName : SetSession
 
Error Message GetFileName : Helper.cs
 
Error Message GetFileLineNumber : 120
 
 
 
======================================== 
 
LogTime : 13:02:52 
Module Name : AdaniCall.Models.Helper (SetSession(User user))

Error Source : CallRecord
 
Error Message : Object reference not set to an instance of an object.
 
Error Message GetMethod FullName : SetSession
 
Error Message GetFileName : Helper.cs
 
Error Message GetFileLineNumber : 120
 
 
 
======================================== 
 
LogTime : 13:03:04 
Module Name : AdaniCall.Models.Helper (SetSession(User user))

Error Source : CallRecord
 
Error Message : Object reference not set to an instance of an object.
 
Error Message GetMethod FullName : SetSession
 
Error Message GetFileName : Helper.cs
 
Error Message GetFileLineNumber : 120
 
 
 
======================================== 
 
LogTime : 13:07:53 
Module Name : AdaniCall.Models.Helper (SetSession(User user))

Error Source : CallRecord
 
Error Message : Object reference not set to an instance of an object.
 
Error Message GetMethod FullName : SetSession
 
Error Message GetFileName : Helper.cs
 
Error Message GetFileLineNumber : 120
 
 
 
======================================== 
 
LogTime : 13:08:00 
Module Name : AdaniCall.Models.Helper (SetSession(User user))

Error Source : CallRecord
 
Error Message : Object reference not set to an instance of an object.
 
Error Message GetMethod FullName : SetSession
 
Error Message GetFileName : Helper.cs
 
Error Message GetFileLineNumber : 120
 
 
 
======================================== 
 
LogTime : 13:08:14 
Module Name : AdaniCall.Models.Helper (SetSession(User user))

Error Source : CallRecord
 
Error Message : Object reference not set to an instance of an object.
 
Error Message GetMethod FullName : SetSession
 
Error Message GetFileName : Helper.cs
 
Error Message GetFileLineNumber : 120
 
 
 
======================================== 
 
LogTime : 15:41:29 
Module Name : AdaniCall.Models.Helper (SetSession(User user))

Error Source : CallRecord
 
Error Message : Object reference not set to an instance of an object.
 
Error Message GetMethod FullName : SetSession
 
Error Message GetFileName : Helper.cs
 
Error Message GetFileLineNumber : 120
 
 
 
======================================== 
 
LogTime : 17:22:37 
Module Name : AdaniCall.Models.Helper (SetSession(User user))

Error Source : CallRecord
 
Error Message : Object reference not set to an instance of an object.
 
Error Message GetMethod FullName : SetSession
 
Error Message GetFileName : Helper.cs
 
Error Message GetFileLineNumber : 120
 
 
 
======================================== 
 
LogTime : 18:52:55 
Module Name : AdaniCall.Models.Helper (SetSession(User user))

Error Source : CallRecord
 
Error Message : Object reference not set to an instance of an object.
 
Error Message GetMethod FullName : SetSession
 
Error Message GetFileName : Helper.cs
 
Error Message GetFileLineNumber : 120
 
 
 
======================================== 
 
LogTime : 19:10:59 
Module Name : AdaniCall.Models.Helper (SetSession(User user))

Error Source : CallRecord
 
Error Message : Object reference not set to an instance of an object.
 
Error Message GetMethod FullName : SetSession
 
Error Message GetFileName : Helper.cs
 
Error Message GetFileLineNumber : 120
 
 
 
======================================== 
 
LogTime : 19:12:14 
Module Name : AdaniCall.Models.Helper (SetSession(User user))

Error Source : CallRecord
 
Error Message : Object reference not set to an instance of an object.
 
Error Message GetMethod FullName : SetSession
 
Error Message GetFileName : Helper.cs
 
Error Message GetFileLineNumber : 120
 
 
 
======================================== 
 
